<?xml version="1.0" encoding="UTF-8"?>
<testsuite xmlns:xsi="http://www.w3.org/2001/XMLSchema-instance" xsi:noNamespaceSchemaLocation="https://maven.apache.org/surefire/maven-surefire-plugin/xsd/surefire-test-report.xsd" name="ru.homework.AppTest" time="0.019" tests="1" errors="0" skipped="0" failures="0">
  <properties>
    <property name="java.specification.version" value="21"/>
    <property name="sun.cpu.isalist" value="amd64"/>
    <property name="sun.jnu.encoding" value="Cp1251"/>
    <property name="java.class.path" value="C:\Users\Machenike\Desktop\Homework_repo\GB_Java_Spring_Boot_HWs\Homework_1\task1\target\test-classes;C:\Users\Machenike\Desktop\Homework_repo\GB_Java_Spring_Boot_HWs\Homework_1\task1\target\classes;C:\Users\Machenike\.m2\repository\junit\junit\4.11\junit-4.11.jar;C:\Users\Machenike\.m2\repository\org\hamcrest\hamcrest-core\1.3\hamcrest-core-1.3.jar;C:\Users\Machenike\.m2\repository\org\projectlombok\lombok\1.18.30\lombok-1.18.30.jar;"/>
    <property name="java.vm.vendor" value="Eclipse Adoptium"/>
    <property name="sun.arch.data.model" value="64"/>
    <property name="user.variant" value=""/>
    <property name="java.vendor.url" value="https://adoptium.net/"/>
    <property name="user.timezone" value="Europe/Moscow"/>
    <property name="os.name" value="Windows 10"/>
    <property name="java.vm.specification.version" value="21"/>
    <property name="sun.java.launcher" value="SUN_STANDARD"/>
    <property name="user.country" value="RU"/>
    <property name="sun.boot.library.path" value="C:\Program Files\Eclipse Adoptium\jdk-21.0.2.13-hotspot\bin"/>
    <property name="sun.java.command" value="C:\Users\MACHEN~1\AppData\Local\Temp\surefire760025394342255904\surefirebooter9504242349785062824.jar C:\Users\Machenike\AppData\Local\Temp\surefire760025394342255904 2024-03-09T17-08-40_757-jvmRun1 surefire11658645718723839983tmp surefire_07765884148888388617tmp"/>
    <property name="jdk.debug" value="release"/>
    <property name="surefire.test.class.path" value="C:\Users\Machenike\Desktop\Homework_repo\GB_Java_Spring_Boot_HWs\Homework_1\task1\target\test-classes;C:\Users\Machenike\Desktop\Homework_repo\GB_Java_Spring_Boot_HWs\Homework_1\task1\target\classes;C:\Users\Machenike\.m2\repository\junit\junit\4.11\junit-4.11.jar;C:\Users\Machenike\.m2\repository\org\hamcrest\hamcrest-core\1.3\hamcrest-core-1.3.jar;C:\Users\Machenike\.m2\repository\org\projectlombok\lombok\1.18.30\lombok-1.18.30.jar;"/>
    <property name="sun.cpu.endian" value="little"/>
    <property name="user.home" value="C:\Users\Machenike"/>
    <property name="user.language" value="ru"/>
    <property name="java.specification.vendor" value="Oracle Corporation"/>
    <property name="java.version.date" value="2024-01-16"/>
    <property name="java.home" value="C:\Program Files\Eclipse Adoptium\jdk-21.0.2.13-hotspot"/>
    <property name="file.separator" value="\"/>
    <property name="basedir" value="C:\Users\Machenike\Desktop\Homework_repo\GB_Java_Spring_Boot_HWs\Homework_1\task1"/>
    <property name="java.vm.compressedOopsMode" value="Zero based"/>
    <property name="line.separator" value="&#10;"/>
    <property name="java.vm.specification.vendor" value="Oracle Corporation"/>
    <property name="java.specification.name" value="Java Platform API Specification"/>
    <property name="surefire.real.class.path" value="C:\Users\MACHEN~1\AppData\Local\Temp\surefire760025394342255904\surefirebooter9504242349785062824.jar"/>
    <property name="user.script" value=""/>
    <property name="sun.management.compiler" value="HotSpot 64-Bit Tiered Compilers"/>
    <property name="java.runtime.version" value="21.0.2+13-LTS"/>
    <property name="user.name" value="Machenike"/>
    <property name="stdout.encoding" value="Cp1251"/>
    <property name="path.separator" value=";"/>
    <property name="os.version" value="10.0"/>
    <property name="java.runtime.name" value="OpenJDK Runtime Environment"/>
    <property name="file.encoding" value="UTF-8"/>
    <property name="java.vm.name" value="OpenJDK 64-Bit Server VM"/>
    <property name="java.vendor.version" value="Temurin-21.0.2+13"/>
    <property name="localRepository" value="C:\Users\Machenike\.m2\repository"/>
    <property name="java.vendor.url.bug" value="https://github.com/adoptium/adoptium-support/issues"/>
    <property name="java.io.tmpdir" value="C:\Users\MACHEN~1\AppData\Local\Temp\"/>
    <property name="java.version" value="21.0.2"/>
    <property name="user.dir" value="C:\Users\Machenike\Desktop\Homework_repo\GB_Java_Spring_Boot_HWs\Homework_1\task1"/>
    <property name="os.arch" value="amd64"/>
    <property name="java.vm.specification.name" value="Java Virtual Machine Specification"/>
    <property name="sun.os.patch.level" value=""/>
    <property name="native.encoding" value="Cp1251"/>
    <property name="java.library.path" value="C:\Program Files\Eclipse Adoptium\jdk-21.0.2.13-hotspot\bin;C:\Windows\Sun\Java\bin;C:\Windows\system32;C:\Windows;C:\Users\Machenike\bin;D:\IT_scholarship\Education_apps\Gitbash\Git\mingw64\bin;D:\IT_scholarship\Education_apps\Gitbash\Git\usr\local\bin;D:\IT_scholarship\Education_apps\Gitbash\Git\usr\bin;D:\IT_scholarship\Education_apps\Gitbash\Git\usr\bin;D:\IT_scholarship\Education_apps\Gitbash\Git\mingw64\bin;D:\IT_scholarship\Education_apps\Gitbash\Git\usr\bin;C:\Users\Machenike\bin;C:\Program Files\Eclipse Adoptium\jdk-21.0.2.13-hotspot\bin;C:\Program Files\Common Files\Oracle\Java\javapath;C:\Program Files\Python312\Scripts;C:\Program Files\Python312;C:\Windows\system32;C:\Windows;C:\Windows\System32\Wbem;C:\Windows\System32\WindowsPowerShell\v1.0;C:\Windows\System32\OpenSSH;C:\Program Files (x86)\NVIDIA Corporation\PhysX\Common;D:\IT_scholarship\Education_apps\Gitbash\Git\cmd;D:\IT_scholarship\Education_apps\Pycharm\PyCharm Community Edition 2022.3.2\bin;C:\Users\Machenike\.jdks\openjdk-20.0.1\bin;D:\IT_scholarship\Education_apps\Putty;C:\Program Files\Docker\Docker\resources\bin;C:\Program Files\Microsoft SQL Server\150\Tools\Binn;C:\Program Files\dotnet;C:\Program Files (x86)\Windows Kits\10\Windows Performance Toolkit;C:\Users\Machenike\AppData\Roaming\nvm;C:\Program Files\nodejs;C:\Users\Machenike\AppData\Local\Microsoft\WindowsApps;C:\Program Files\JetBrains\PyCharm Community Edition 2023.1.1\bin;D:\IT_scholarship\Education_apps\Idea\IntelliJ IDEA Community Edition 2023.1.2\bin;D:\IT_scholarship\Education_apps\Microsoft VS Code\bin;D:\IT_scholarship\Education_apps\Idea\IntelliJ IDEA 2023.3.2\bin;D:\IT_scholarship\Education_apps\Webstorm\WebStorm 2023.3.2\bin;C:\Users\Machenike\AppData\Roaming\npm;C:\Users\Machenike\.dotnet\tools;C:\Users\Machenike\AppData\Roaming\nvm;C:\Program Files\nodejs;D:\IT_scholarship\Education_apps\PycharmProf\PyCharm 2023.3.3\bin;D:\IT_scholarship\Education_apps\Maven\apache-maven-3.9.6\bin;D:\IT_scholarship\Education_apps\Gitbash\Git\usr\bin\vendor_perl;D:\IT_scholarship\Education_apps\Gitbash\Git\usr\bin\core_perl;."/>
    <property name="java.vm.info" value="mixed mode, sharing"/>
    <property name="stderr.encoding" value="Cp1251"/>
    <property name="java.vendor" value="Eclipse Adoptium"/>
    <property name="java.vm.version" value="21.0.2+13-LTS"/>
    <property name="sun.io.unicode.encoding" value="UnicodeLittle"/>
    <property name="java.class.version" value="65.0"/>
  </properties>
  <testcase name="shouldAnswerWithTrue" classname="ru.homework.AppTest" time="0.002"/>
</testsuite>